<?xml version="1.0" encoding="UTF-8"?>
<!-- Generated by org.testng.reporters.JUnitXMLReporter -->
<testsuite ignored="0" hostname="LAPTOP-MDDF83E7" failures="0" tests="10" name="Surefire test" time="42.426" errors="0" timestamp="2023-12-03T16:10:37 IST">
  <testcase classname="api.test.DDTests" name="testpostuser" time="7.74"/>
  <testcase classname="api.test.DDTests" name="testpostuser" time="1.736"/>
  <testcase classname="api.test.DDTests" name="testpostuser" time="1.947"/>
  <testcase classname="api.test.DDTests" name="testDeleteUserByName" time="1.893"/>
  <testcase classname="api.test.DDTests" name="testDeleteUserByName" time="1.945"/>
  <testcase classname="api.test.DDTests" name="testDeleteUserByName" time="1.409"/>
  <testcase classname="api.test.userTests" name="testpostuser" time="1.868"/>
  <testcase classname="api.test.userTests" name="getuser" time="1.826"/>
  <testcase classname="api.test.userTests" name="updateuser" time="3.664"/>
  <testcase classname="api.test.userTests" name="deleteuser" time="1.734"/>
</testsuite> <!-- Surefire test -->
