<?xml version="1.0" encoding="UTF-8"?>
<!-- Generated by org.testng.reporters.JUnitXMLReporter -->
<testsuite ignored="0" hostname="LAPTOP-MDDF83E7" failures="0" tests="6" name="Default test" time="31.4" errors="0" timestamp="2023-12-03T15:45:05 IST">
  <testcase classname="api.test.DDTests" name="testpostuser" time="10.061"/>
  <testcase classname="api.test.DDTests" name="testpostuser" time="1.909"/>
  <testcase classname="api.test.DDTests" name="testpostuser" time="1.636"/>
  <testcase classname="api.test.DDTests" name="testDeleteUserByName" time="1.851"/>
  <testcase classname="api.test.DDTests" name="testDeleteUserByName" time="2.026"/>
  <testcase classname="api.test.DDTests" name="testDeleteUserByName" time="1.942"/>
</testsuite> <!-- Default test -->
