<?xml version="1.0" encoding="UTF-8"?>
<testng-results ignored="0" total="10" passed="10" failed="0" skipped="0">
  <reporter-output>
  </reporter-output>
  <suite started-at="2023-12-03T16:09:55 IST" name="Surefire suite" finished-at="2023-12-03T16:10:37 IST" duration-ms="42426">
    <groups>
    </groups>
    <test started-at="2023-12-03T16:09:55 IST" name="Surefire test" finished-at="2023-12-03T16:10:37 IST" duration-ms="42426">
      <class name="api.test.userTests">
        <test-method is-config="true" signature="setup()[pri:0, instance:api.test.userTests@694abbdc]" started-at="2023-12-03T16:10:28 IST" name="setup" finished-at="2023-12-03T16:10:28 IST" duration-ms="335" status="PASS">
          <reporter-output>
          </reporter-output>
        </test-method> <!-- setup -->
        <test-method signature="testpostuser()[pri:1, instance:api.test.userTests@694abbdc]" started-at="2023-12-03T16:10:28 IST" name="testpostuser" finished-at="2023-12-03T16:10:30 IST" duration-ms="1868" status="PASS">
          <reporter-output>
          </reporter-output>
        </test-method> <!-- testpostuser -->
        <test-method signature="getuser()[pri:2, instance:api.test.userTests@694abbdc]" started-at="2023-12-03T16:10:30 IST" name="getuser" finished-at="2023-12-03T16:10:32 IST" duration-ms="1826" status="PASS">
          <reporter-output>
          </reporter-output>
        </test-method> <!-- getuser -->
        <test-method signature="updateuser()[pri:3, instance:api.test.userTests@694abbdc]" started-at="2023-12-03T16:10:32 IST" name="updateuser" finished-at="2023-12-03T16:10:36 IST" duration-ms="3664" status="PASS">
          <reporter-output>
          </reporter-output>
        </test-method> <!-- updateuser -->
        <test-method signature="deleteuser()[pri:4, instance:api.test.userTests@694abbdc]" started-at="2023-12-03T16:10:36 IST" name="deleteuser" finished-at="2023-12-03T16:10:37 IST" duration-ms="1734" status="PASS">
          <reporter-output>
          </reporter-output>
        </test-method> <!-- deleteuser -->
      </class> <!-- api.test.userTests -->
      <class name="api.test.DDTests">
        <test-method signature="testpostuser(java.lang.String,java.lang.String,java.lang.String,java.lang.String,java.lang.String,java.lang.String,java.lang.String)[pri:1, instance:api.test.DDTests@75f32542]" started-at="2023-12-03T16:10:11 IST" name="testpostuser" data-provider="Data" finished-at="2023-12-03T16:10:19 IST" duration-ms="7740" status="PASS">
          <params>
            <param index="0">
              <value>
                <![CDATA[1010]]>
              </value>
            </param>
            <param index="1">
              <value>
                <![CDATA[testuser1]]>
              </value>
            </param>
            <param index="2">
              <value>
                <![CDATA[shilpa]]>
              </value>
            </param>
            <param index="3">
              <value>
                <![CDATA[nandeesh]]>
              </value>
            </param>
            <param index="4">
              <value>
                <![CDATA[nandeesh@gmail.com]]>
              </value>
            </param>
            <param index="5">
              <value>
                <![CDATA[test@1]]>
              </value>
            </param>
            <param index="6">
              <value>
                <![CDATA[448451]]>
              </value>
            </param>
          </params>
          <reporter-output>
          </reporter-output>
        </test-method> <!-- testpostuser -->
        <test-method signature="testpostuser(java.lang.String,java.lang.String,java.lang.String,java.lang.String,java.lang.String,java.lang.String,java.lang.String)[pri:1, instance:api.test.DDTests@75f32542]" started-at="2023-12-03T16:10:19 IST" name="testpostuser" data-provider="Data" finished-at="2023-12-03T16:10:21 IST" duration-ms="1736" status="PASS">
          <params>
            <param index="0">
              <value>
                <![CDATA[1020]]>
              </value>
            </param>
            <param index="1">
              <value>
                <![CDATA[testuser2]]>
              </value>
            </param>
            <param index="2">
              <value>
                <![CDATA[nandeesh]]>
              </value>
            </param>
            <param index="3">
              <value>
                <![CDATA[Rajshekharappa]]>
              </value>
            </param>
            <param index="4">
              <value>
                <![CDATA[Rajshekharappa@gmail.com]]>
              </value>
            </param>
            <param index="5">
              <value>
                <![CDATA[test@2]]>
              </value>
            </param>
            <param index="6">
              <value>
                <![CDATA[448453]]>
              </value>
            </param>
          </params>
          <reporter-output>
          </reporter-output>
        </test-method> <!-- testpostuser -->
        <test-method signature="testpostuser(java.lang.String,java.lang.String,java.lang.String,java.lang.String,java.lang.String,java.lang.String,java.lang.String)[pri:1, instance:api.test.DDTests@75f32542]" started-at="2023-12-03T16:10:21 IST" name="testpostuser" data-provider="Data" finished-at="2023-12-03T16:10:23 IST" duration-ms="1947" status="PASS">
          <params>
            <param index="0">
              <value>
                <![CDATA[1030]]>
              </value>
            </param>
            <param index="1">
              <value>
                <![CDATA[testuser3]]>
              </value>
            </param>
            <param index="2">
              <value>
                <![CDATA[siri]]>
              </value>
            </param>
            <param index="3">
              <value>
                <![CDATA[nandeesh]]>
              </value>
            </param>
            <param index="4">
              <value>
                <![CDATA[siri@gmail.com]]>
              </value>
            </param>
            <param index="5">
              <value>
                <![CDATA[test@3]]>
              </value>
            </param>
            <param index="6">
              <value>
                <![CDATA[448452]]>
              </value>
            </param>
          </params>
          <reporter-output>
          </reporter-output>
        </test-method> <!-- testpostuser -->
        <test-method signature="testDeleteUserByName(java.lang.String)[pri:2, instance:api.test.DDTests@75f32542]" started-at="2023-12-03T16:10:23 IST" name="testDeleteUserByName" data-provider="UserNames" finished-at="2023-12-03T16:10:25 IST" duration-ms="1893" status="PASS">
          <params>
            <param index="0">
              <value>
                <![CDATA[testuser1]]>
              </value>
            </param>
          </params>
          <reporter-output>
          </reporter-output>
        </test-method> <!-- testDeleteUserByName -->
        <test-method signature="testDeleteUserByName(java.lang.String)[pri:2, instance:api.test.DDTests@75f32542]" started-at="2023-12-03T16:10:25 IST" name="testDeleteUserByName" data-provider="UserNames" finished-at="2023-12-03T16:10:27 IST" duration-ms="1945" status="PASS">
          <params>
            <param index="0">
              <value>
                <![CDATA[testuser2]]>
              </value>
            </param>
          </params>
          <reporter-output>
          </reporter-output>
        </test-method> <!-- testDeleteUserByName -->
        <test-method signature="testDeleteUserByName(java.lang.String)[pri:2, instance:api.test.DDTests@75f32542]" started-at="2023-12-03T16:10:27 IST" name="testDeleteUserByName" data-provider="UserNames" finished-at="2023-12-03T16:10:28 IST" duration-ms="1409" status="PASS">
          <params>
            <param index="0">
              <value>
                <![CDATA[testuser3]]>
              </value>
            </param>
          </params>
          <reporter-output>
          </reporter-output>
        </test-method> <!-- testDeleteUserByName -->
      </class> <!-- api.test.DDTests -->
    </test> <!-- Surefire test -->
  </suite> <!-- Surefire suite -->
</testng-results>
