<?xml version="1.0" encoding="UTF-8"?>
<testng-results ignored="0" total="4" passed="4" failed="0" skipped="0">
  <reporter-output>
  </reporter-output>
  <suite started-at="2023-12-03T15:45:59 IST" name="PetSuit" finished-at="2023-12-03T15:46:18 IST" duration-ms="19085">
    <groups>
    </groups>
    <test started-at="2023-12-03T15:45:59 IST" name="PetTest" finished-at="2023-12-03T15:46:18 IST" duration-ms="19085">
      <class name="api.test.userTests">
        <test-method is-config="true" signature="setup()[pri:0, instance:api.test.userTests@5c671d7f]" started-at="2023-12-03T15:46:00 IST" name="setup" finished-at="2023-12-03T15:46:02 IST" duration-ms="2562" status="PASS">
          <reporter-output>
          </reporter-output>
        </test-method> <!-- setup -->
        <test-method signature="testpostuser()[pri:1, instance:api.test.userTests@5c671d7f]" started-at="2023-12-03T15:46:02 IST" name="testpostuser" finished-at="2023-12-03T15:46:11 IST" duration-ms="8143" status="PASS">
          <reporter-output>
          </reporter-output>
        </test-method> <!-- testpostuser -->
        <test-method signature="getuser()[pri:2, instance:api.test.userTests@5c671d7f]" started-at="2023-12-03T15:46:11 IST" name="getuser" finished-at="2023-12-03T15:46:12 IST" duration-ms="1733" status="PASS">
          <reporter-output>
          </reporter-output>
        </test-method> <!-- getuser -->
        <test-method signature="updateuser()[pri:3, instance:api.test.userTests@5c671d7f]" started-at="2023-12-03T15:46:12 IST" name="updateuser" finished-at="2023-12-03T15:46:16 IST" duration-ms="3461" status="PASS">
          <reporter-output>
          </reporter-output>
        </test-method> <!-- updateuser -->
        <test-method signature="deleteuser()[pri:4, instance:api.test.userTests@5c671d7f]" started-at="2023-12-03T15:46:16 IST" name="deleteuser" finished-at="2023-12-03T15:46:18 IST" duration-ms="1864" status="PASS">
          <reporter-output>
          </reporter-output>
        </test-method> <!-- deleteuser -->
      </class> <!-- api.test.userTests -->
    </test> <!-- PetTest -->
  </suite> <!-- PetSuit -->
</testng-results>
